<?xml version="1.0" encoding="utf-8"?><!--Generated by Screaming Frog SEO Spider 16.5-->
<urlset xmlns="http://www.sitemaps.org/schemas/sitemap/0.9">
  <url>
    <loc>https://test-interlinking-nw8a5.ondigitalocean.app/prueba-4/index.html</loc>
    <lastmod>2022-05-06</lastmod>
    <changefreq>monthly</changefreq>
    <priority>1.0</priority>
  </url>
  <url>
    <loc>https://test-interlinking-nw8a5.ondigitalocean.app/prueba-3/index.html</loc>
    <lastmod>2022-05-06</lastmod>
    <changefreq>monthly</changefreq>
    <priority>1.0</priority>
  </url>
  <url>
    <loc>https://test-interlinking-nw8a5.ondigitalocean.app/</loc>
    <lastmod>2022-04-01</lastmod>
    <changefreq>monthly</changefreq>
    <priority>1.0</priority>
  </url>
  <url>
    <loc>https://test-interlinking-nw8a5.ondigitalocean.app/pagina-2.html</loc>
    <lastmod>2022-04-01</lastmod>
    <changefreq>monthly</changefreq>
    <priority>0.9</priority>
  </url>
  <url>
    <loc>https://test-interlinking-nw8a5.ondigitalocean.app/pagina-1.html</loc>
    <lastmod>2022-04-01</lastmod>
    <changefreq>monthly</changefreq>
    <priority>0.9</priority>
  </url>
</urlset>